#
# There is insufficient memory for the Java Runtime Environment to continue.
# Native memory allocation (malloc) failed to allocate 342160 bytes for Chunk::new
# Possible reasons:
#   The system is out of physical RAM or swap space
#   The process is running with CompressedOops enabled, and the Java Heap may be blocking the growth of the native heap
# Possible solutions:
#   Reduce memory load on the system
#   Increase physical memory or swap space
#   Check if swap backing store is full
#   Decrease Java heap size (-Xmx/-Xms)
#   Decrease number of Java threads
#   Decrease Java thread stack sizes (-Xss)
#   Set larger code cache with -XX:ReservedCodeCacheSize=
#   JVM is running with Unscaled Compressed Oops mode in which the Java heap is
#     placed in the first 4GB address space. The Java Heap base address is the
#     maximum limit for the native heap growth. Please use -XX:HeapBaseMinAddress
#     to set the Java Heap base and to place the Java Heap above 4GB virtual address.
# This output file may be truncated or incomplete.
#
#  Out of Memory Error (arena.cpp:195), pid=23460, tid=11736
#
# JRE version: Java(TM) SE Runtime Environment (16.0.2+7) (build 16.0.2+7-67)
# Java VM: Java HotSpot(TM) 64-Bit Server VM (16.0.2+7-67, mixed mode, sharing, tiered, compressed oops, compressed class ptrs, g1 gc, windows-amd64)
# No core dump will be written. Minidumps are not enabled by default on client versions of Windows
#

---------------  S U M M A R Y ------------

Command Line: -Xmx64m -Xms64m -Dorg.gradle.appname=gradlew org.gradle.wrapper.GradleWrapperMain tasks

Host: AMD Ryzen 7 3750H with Radeon Vega Mobile Gfx  , 8 cores, 15G,  Windows 10 , 64 bit Build 22621 (10.0.22621.2361)
Time: Thu Oct  5 16:01:35 2023 SE Asia Standard Time elapsed time: 2.768007 seconds (0d 0h 0m 2s)

---------------  T H R E A D  ---------------

Current thread (0x000001905051d310):  JavaThread "C2 CompilerThread0" daemon [_thread_in_native, id=11736, stack(0x0000007044100000,0x0000007044200000)]


Current CompileTask:
C2:   2768 1029   !   4       jdk.internal.loader.URLClassPath$JarLoader::getResource (354 bytes)

Stack: [0x0000007044100000,0x0000007044200000]
Native frames: (J=compiled Java code, j=interpreted, Vv=VM code, C=native code)
V  [jvm.dll+0x6681ca]
V  [jvm.dll+0x7c9e69]
V  [jvm.dll+0x7cb61e]
V  [jvm.dll+0x7cbc73]
V  [jvm.dll+0x242c55]
V  [jvm.dll+0xadeba]
V  [jvm.dll+0xae45c]
V  [jvm.dll+0x35a8d7]
V  [jvm.dll+0x324de1]
V  [jvm.dll+0x32428a]
V  [jvm.dll+0x215cec]
V  [jvm.dll+0x215100]
V  [jvm.dll+0x1a1beb]
V  [jvm.dll+0x225158]
V  [jvm.dll+0x22319c]
V  [jvm.dll+0x77fa62]
V  [jvm.dll+0x7795aa]
V  [jvm.dll+0x667066]
C  [ucrtbase.dll+0x29363]
C  [KERNEL32.DLL+0x1257d]
C  [ntdll.dll+0x5aa78]


---------------  P R O C E S S  ---------------

Threads class SMR info:
_java_thread_list=0x000001906ade0d50, length=13, elements={
0x0000019050452490, 0x0000019050501330, 0x00000190505021f0, 0x0000019050516700,
0x000001905051b130, 0x000001905051bb30, 0x000001905051c530, 0x000001905051d310,
0x000001905051de00, 0x000001905051e840, 0x0000019069b7d7d0, 0x000001906a511a10,
0x000001906aded080
}

Java Threads: ( => current thread )
  0x0000019050452490 JavaThread "main" [_thread_in_Java, id=11172, stack(0x0000007043400000,0x0000007043500000)]
  0x0000019050501330 JavaThread "Reference Handler" daemon [_thread_blocked, id=1276, stack(0x0000007043b00000,0x0000007043c00000)]
  0x00000190505021f0 JavaThread "Finalizer" daemon [_thread_blocked, id=19828, stack(0x0000007043c00000,0x0000007043d00000)]
  0x0000019050516700 JavaThread "Signal Dispatcher" daemon [_thread_blocked, id=16988, stack(0x0000007043d00000,0x0000007043e00000)]
  0x000001905051b130 JavaThread "Attach Listener" daemon [_thread_blocked, id=8984, stack(0x0000007043e00000,0x0000007043f00000)]
  0x000001905051bb30 JavaThread "Service Thread" daemon [_thread_blocked, id=13808, stack(0x0000007043f00000,0x0000007044000000)]
  0x000001905051c530 JavaThread "Monitor Deflation Thread" daemon [_thread_blocked, id=18212, stack(0x0000007044000000,0x0000007044100000)]
=>0x000001905051d310 JavaThread "C2 CompilerThread0" daemon [_thread_in_native, id=11736, stack(0x0000007044100000,0x0000007044200000)]
  0x000001905051de00 JavaThread "C1 CompilerThread0" daemon [_thread_blocked, id=9980, stack(0x0000007044200000,0x0000007044300000)]
  0x000001905051e840 JavaThread "Sweeper thread" daemon [_thread_blocked, id=4980, stack(0x0000007044300000,0x0000007044400000)]
  0x0000019069b7d7d0 JavaThread "Notification Thread" daemon [_thread_blocked, id=19012, stack(0x0000007044400000,0x0000007044500000)]
  0x000001906a511a10 JavaThread "Common-Cleaner" daemon [_thread_blocked, id=4760, stack(0x0000007044600000,0x0000007044700000)]
  0x000001906aded080 JavaThread "pool-1-thread-1" [_thread_blocked, id=10964, stack(0x0000007044700000,0x0000007044800000)]

Other Threads:
  0x00000190504f9f20 VMThread "VM Thread" [stack: 0x0000007043a00000,0x0000007043b00000] [id=21224]
  0x000001906a511720 WatcherThread [stack: 0x0000007044500000,0x0000007044600000] [id=13104]
  0x0000019050470f70 GCTaskThread "GC Thread#0" [stack: 0x0000007043500000,0x0000007043600000] [id=27200]
  0x000001906ac1a850 GCTaskThread "GC Thread#1" [stack: 0x0000007044800000,0x0000007044900000] [id=264]
  0x000001906addd400 GCTaskThread "GC Thread#2" [stack: 0x0000007044900000,0x0000007044a00000] [id=29648]
  0x000001906addd710 GCTaskThread "GC Thread#3" [stack: 0x0000007044a00000,0x0000007044b00000] [id=27316]
  0x000001906addda20 GCTaskThread "GC Thread#4" [stack: 0x0000007044b00000,0x0000007044c00000] [id=25664]
  0x000001906adddd30 GCTaskThread "GC Thread#5" [stack: 0x0000007044c00000,0x0000007044d00000] [id=13320]
  0x00000190504737c0 ConcurrentGCThread "G1 Main Marker" [stack: 0x0000007043600000,0x0000007043700000] [id=21176]
  0x0000019050474230 ConcurrentGCThread "G1 Conc#0" [stack: 0x0000007043700000,0x0000007043800000] [id=17520]
  0x00000190504ce760 ConcurrentGCThread "G1 Refine#0" [stack: 0x0000007043800000,0x0000007043900000] [id=4328]
  0x00000190504cf1e0 ConcurrentGCThread "G1 Service" [stack: 0x0000007043900000,0x0000007043a00000] [id=24288]

Threads with active compile tasks:
C2 CompilerThread0     2796 1029   !   4       jdk.internal.loader.URLClassPath$JarLoader::getResource (354 bytes)

VM state: not at safepoint (normal execution)

VM Mutex/Monitor currently owned by a thread:  ([mutex/lock_event])
[0x000001905044cd50] SystemDictionary_lock - owner thread: 0x0000000000000000

Heap address: 0x00000000fc000000, size: 64 MB, Compressed Oops mode: 32-bit

CDS archive(s) mapped at: [0x0000000800000000-0x0000000800bb0000-0x0000000800bb0000), size 12255232, SharedBaseAddress: 0x0000000800000000, ArchiveRelocationMode: 0.
Compressed class space mapped at: 0x0000000800c00000-0x0000000840c00000, reserved size: 1073741824
Narrow klass base: 0x0000000800000000, Narrow klass shift: 3, Narrow klass range: 0x100000000

GC Precious Log:
 CPUs: 8 total, 8 available
 Memory: 15805M
 Large Page Support: Disabled
 NUMA Support: Disabled
 Compressed Oops: Enabled (32-bit)
 Heap Region Size: 1M
 Heap Min Capacity: 64M
 Heap Initial Capacity: 64M
 Heap Max Capacity: 64M
 Pre-touch: Disabled
 Parallel Workers: 8
 Concurrent Workers: 2
 Concurrent Refinement Workers: 8
 Periodic GC: Disabled

Heap:
 garbage-first heap   total 65536K, used 18906K [0x00000000fc000000, 0x0000000100000000)
  region size 1024K, 13 young (13312K), 3 survivors (3072K)
 Metaspace       used 6073K, committed 6208K, reserved 1056768K
  class space    used 832K, committed 896K, reserved 1048576K

Heap Regions: E=young(eden), S=young(survivor), O=old, HS=humongous(starts), HC=humongous(continues), CS=collection set, F=free, OA=open archive, CA=closed archive, TAMS=top-at-mark-start (previous, next)
|   0|0x00000000fc000000, 0x00000000fc000000, 0x00000000fc100000|  0%| F|  |TAMS 0x00000000fc000000, 0x00000000fc000000| Untracked 
|   1|0x00000000fc100000, 0x00000000fc100000, 0x00000000fc200000|  0%| F|  |TAMS 0x00000000fc100000, 0x00000000fc100000| Untracked 
|   2|0x00000000fc200000, 0x00000000fc200000, 0x00000000fc300000|  0%| F|  |TAMS 0x00000000fc200000, 0x00000000fc200000| Untracked 
|   3|0x00000000fc300000, 0x00000000fc400000, 0x00000000fc400000|100%|HS|  |TAMS 0x00000000fc300000, 0x00000000fc300000| Complete 
|   4|0x00000000fc400000, 0x00000000fc500000, 0x00000000fc500000|100%|HC|  |TAMS 0x00000000fc400000, 0x00000000fc400000| Complete 
|   5|0x00000000fc500000, 0x00000000fc600000, 0x00000000fc600000|100%|HC|  |TAMS 0x00000000fc500000, 0x00000000fc500000| Complete 
|   6|0x00000000fc600000, 0x00000000fc700000, 0x00000000fc700000|100%| O|  |TAMS 0x00000000fc600000, 0x00000000fc600000| Untracked 
|   7|0x00000000fc700000, 0x00000000fc800000, 0x00000000fc800000|100%| O|  |TAMS 0x00000000fc700000, 0x00000000fc700000| Untracked 
|   8|0x00000000fc800000, 0x00000000fc900000, 0x00000000fc900000|100%| O|  |TAMS 0x00000000fc800000, 0x00000000fc800000| Untracked 
|   9|0x00000000fc900000, 0x00000000fc976800, 0x00000000fca00000| 46%| O|  |TAMS 0x00000000fc900000, 0x00000000fc900000| Untracked 
|  10|0x00000000fca00000, 0x00000000fca00000, 0x00000000fcb00000|  0%| F|  |TAMS 0x00000000fca00000, 0x00000000fca00000| Untracked 
|  11|0x00000000fcb00000, 0x00000000fcb00000, 0x00000000fcc00000|  0%| F|  |TAMS 0x00000000fcb00000, 0x00000000fcb00000| Untracked 
|  12|0x00000000fcc00000, 0x00000000fcc00000, 0x00000000fcd00000|  0%| F|  |TAMS 0x00000000fcc00000, 0x00000000fcc00000| Untracked 
|  13|0x00000000fcd00000, 0x00000000fcd00000, 0x00000000fce00000|  0%| F|  |TAMS 0x00000000fcd00000, 0x00000000fcd00000| Untracked 
|  14|0x00000000fce00000, 0x00000000fce00000, 0x00000000fcf00000|  0%| F|  |TAMS 0x00000000fce00000, 0x00000000fce00000| Untracked 
|  15|0x00000000fcf00000, 0x00000000fcf00000, 0x00000000fd000000|  0%| F|  |TAMS 0x00000000fcf00000, 0x00000000fcf00000| Untracked 
|  16|0x00000000fd000000, 0x00000000fd000000, 0x00000000fd100000|  0%| F|  |TAMS 0x00000000fd000000, 0x00000000fd000000| Untracked 
|  17|0x00000000fd100000, 0x00000000fd100000, 0x00000000fd200000|  0%| F|  |TAMS 0x00000000fd100000, 0x00000000fd100000| Untracked 
|  18|0x00000000fd200000, 0x00000000fd200000, 0x00000000fd300000|  0%| F|  |TAMS 0x00000000fd200000, 0x00000000fd200000| Untracked 
|  19|0x00000000fd300000, 0x00000000fd300000, 0x00000000fd400000|  0%| F|  |TAMS 0x00000000fd300000, 0x00000000fd300000| Untracked 
|  20|0x00000000fd400000, 0x00000000fd400000, 0x00000000fd500000|  0%| F|  |TAMS 0x00000000fd400000, 0x00000000fd400000| Untracked 
|  21|0x00000000fd500000, 0x00000000fd500000, 0x00000000fd600000|  0%| F|  |TAMS 0x00000000fd500000, 0x00000000fd500000| Untracked 
|  22|0x00000000fd600000, 0x00000000fd600000, 0x00000000fd700000|  0%| F|  |TAMS 0x00000000fd600000, 0x00000000fd600000| Untracked 
|  23|0x00000000fd700000, 0x00000000fd700000, 0x00000000fd800000|  0%| F|  |TAMS 0x00000000fd700000, 0x00000000fd700000| Untracked 
|  24|0x00000000fd800000, 0x00000000fd800000, 0x00000000fd900000|  0%| F|  |TAMS 0x00000000fd800000, 0x00000000fd800000| Untracked 
|  25|0x00000000fd900000, 0x00000000fd900000, 0x00000000fda00000|  0%| F|  |TAMS 0x00000000fd900000, 0x00000000fd900000| Untracked 
|  26|0x00000000fda00000, 0x00000000fda00000, 0x00000000fdb00000|  0%| F|  |TAMS 0x00000000fda00000, 0x00000000fda00000| Untracked 
|  27|0x00000000fdb00000, 0x00000000fdb00000, 0x00000000fdc00000|  0%| F|  |TAMS 0x00000000fdb00000, 0x00000000fdb00000| Untracked 
|  28|0x00000000fdc00000, 0x00000000fdc00000, 0x00000000fdd00000|  0%| F|  |TAMS 0x00000000fdc00000, 0x00000000fdc00000| Untracked 
|  29|0x00000000fdd00000, 0x00000000fdd00000, 0x00000000fde00000|  0%| F|  |TAMS 0x00000000fdd00000, 0x00000000fdd00000| Untracked 
|  30|0x00000000fde00000, 0x00000000fde00000, 0x00000000fdf00000|  0%| F|  |TAMS 0x00000000fde00000, 0x00000000fde00000| Untracked 
|  31|0x00000000fdf00000, 0x00000000fdf00000, 0x00000000fe000000|  0%| F|  |TAMS 0x00000000fdf00000, 0x00000000fdf00000| Untracked 
|  32|0x00000000fe000000, 0x00000000fe000000, 0x00000000fe100000|  0%| F|  |TAMS 0x00000000fe000000, 0x00000000fe000000| Untracked 
|  33|0x00000000fe100000, 0x00000000fe100000, 0x00000000fe200000|  0%| F|  |TAMS 0x00000000fe100000, 0x00000000fe100000| Untracked 
|  34|0x00000000fe200000, 0x00000000fe200000, 0x00000000fe300000|  0%| F|  |TAMS 0x00000000fe200000, 0x00000000fe200000| Untracked 
|  35|0x00000000fe300000, 0x00000000fe300000, 0x00000000fe400000|  0%| F|  |TAMS 0x00000000fe300000, 0x00000000fe300000| Untracked 
|  36|0x00000000fe400000, 0x00000000fe400000, 0x00000000fe500000|  0%| F|  |TAMS 0x00000000fe400000, 0x00000000fe400000| Untracked 
|  37|0x00000000fe500000, 0x00000000fe500000, 0x00000000fe600000|  0%| F|  |TAMS 0x00000000fe500000, 0x00000000fe500000| Untracked 
|  38|0x00000000fe600000, 0x00000000fe700000, 0x00000000fe700000|100%| S|CS|TAMS 0x00000000fe600000, 0x00000000fe600000| Complete 
|  39|0x00000000fe700000, 0x00000000fe800000, 0x00000000fe800000|100%| S|CS|TAMS 0x00000000fe700000, 0x00000000fe700000| Complete 
|  40|0x00000000fe800000, 0x00000000fe900000, 0x00000000fe900000|100%| S|CS|TAMS 0x00000000fe800000, 0x00000000fe800000| Complete 
|  41|0x00000000fe900000, 0x00000000fe900000, 0x00000000fea00000|  0%| F|  |TAMS 0x00000000fe900000, 0x00000000fe900000| Untracked 
|  42|0x00000000fea00000, 0x00000000fea00000, 0x00000000feb00000|  0%| F|  |TAMS 0x00000000fea00000, 0x00000000fea00000| Untracked 
|  43|0x00000000feb00000, 0x00000000feb00000, 0x00000000fec00000|  0%| F|  |TAMS 0x00000000feb00000, 0x00000000feb00000| Untracked 
|  44|0x00000000fec00000, 0x00000000fec00000, 0x00000000fed00000|  0%| F|  |TAMS 0x00000000fec00000, 0x00000000fec00000| Untracked 
|  45|0x00000000fed00000, 0x00000000fed00000, 0x00000000fee00000|  0%| F|  |TAMS 0x00000000fed00000, 0x00000000fed00000| Untracked 
|  46|0x00000000fee00000, 0x00000000fee00000, 0x00000000fef00000|  0%| F|  |TAMS 0x00000000fee00000, 0x00000000fee00000| Untracked 
|  47|0x00000000fef00000, 0x00000000fef00000, 0x00000000ff000000|  0%| F|  |TAMS 0x00000000fef00000, 0x00000000fef00000| Untracked 
|  48|0x00000000ff000000, 0x00000000ff000000, 0x00000000ff100000|  0%| F|  |TAMS 0x00000000ff000000, 0x00000000ff000000| Untracked 
|  49|0x00000000ff100000, 0x00000000ff100000, 0x00000000ff200000|  0%| F|  |TAMS 0x00000000ff100000, 0x00000000ff100000| Untracked 
|  50|0x00000000ff200000, 0x00000000ff200000, 0x00000000ff300000|  0%| F|  |TAMS 0x00000000ff200000, 0x00000000ff200000| Untracked 
|  51|0x00000000ff300000, 0x00000000ff300000, 0x00000000ff400000|  0%| F|  |TAMS 0x00000000ff300000, 0x00000000ff300000| Untracked 
|  52|0x00000000ff400000, 0x00000000ff400000, 0x00000000ff500000|  0%| F|  |TAMS 0x00000000ff400000, 0x00000000ff400000| Untracked 
|  53|0x00000000ff500000, 0x00000000ff500000, 0x00000000ff600000|  0%| F|  |TAMS 0x00000000ff500000, 0x00000000ff500000| Untracked 
|  54|0x00000000ff600000, 0x00000000ff6e2a08, 0x00000000ff700000| 88%| E|  |TAMS 0x00000000ff600000, 0x00000000ff600000| Complete 
|  55|0x00000000ff700000, 0x00000000ff800000, 0x00000000ff800000|100%| E|CS|TAMS 0x00000000ff700000, 0x00000000ff700000| Complete 
|  56|0x00000000ff800000, 0x00000000ff900000, 0x00000000ff900000|100%| E|CS|TAMS 0x00000000ff800000, 0x00000000ff800000| Complete 
|  57|0x00000000ff900000, 0x00000000ffa00000, 0x00000000ffa00000|100%| E|CS|TAMS 0x00000000ff900000, 0x00000000ff900000| Complete 
|  58|0x00000000ffa00000, 0x00000000ffb00000, 0x00000000ffb00000|100%| E|CS|TAMS 0x00000000ffa00000, 0x00000000ffa00000| Complete 
|  59|0x00000000ffb00000, 0x00000000ffc00000, 0x00000000ffc00000|100%| E|CS|TAMS 0x00000000ffb00000, 0x00000000ffb00000| Complete 
|  60|0x00000000ffc00000, 0x00000000ffd00000, 0x00000000ffd00000|100%| E|CS|TAMS 0x00000000ffc00000, 0x00000000ffc00000| Complete 
|  61|0x00000000ffd00000, 0x00000000ffe00000, 0x00000000ffe00000|100%| E|CS|TAMS 0x00000000ffd00000, 0x00000000ffd00000| Complete 
|  62|0x00000000ffe00000, 0x00000000fff00000, 0x00000000fff00000|100%| E|CS|TAMS 0x00000000ffe00000, 0x00000000ffe00000| Complete 
|  63|0x00000000fff00000, 0x0000000100000000, 0x0000000100000000|100%| E|CS|TAMS 0x00000000fff00000, 0x00000000fff00000| Complete 

Card table byte_map: [0x00000190503a0000,0x00000190503c0000] _byte_map_base: 0x000001904fbc0000

Marking Bits (Prev, Next): (CMBitMap*) 0x00000190504725f0, (CMBitMap*) 0x0000019050472630
 Prev Bits: [0x0000019066ef0000, 0x0000019066ff0000)
 Next Bits: [0x0000019066ff0000, 0x00000190670f0000)

Polling page: 0x000001904fc20000

Metaspace:

Usage:
  Non-class:      5.13 MB used.
      Class:    834.99 KB used.
       Both:      5.95 MB used.

Virtual space:
  Non-class space:        8.00 MB reserved,       5.19 MB ( 65%) committed,  1 nodes.
      Class space:        1.00 GB reserved,     896.00 KB ( <1%) committed,  1 nodes.
              Both:        1.01 GB reserved,       6.06 MB ( <1%) committed. 

Chunk freelists:
   Non-Class:  1.31 MB
       Class:  3.14 MB
        Both:  4.45 MB

MaxMetaspaceSize: 17179869184.00 GB
CompressedClassSpaceSize: 1.00 GB
 - commit_granule_bytes: 65536.
 - commit_granule_words: 8192.
 - virtual_space_node_default_size: 1048576.
 - enlarge_chunks_in_place: 1.
 - new_chunks_are_fully_committed: 0.
 - uncommit_free_chunks: 1.
 - use_allocation_guard: 0.
 - handle_deallocations: 1.


Internal statistics:

num_allocs_failed_limit: 0.
num_arena_births: 74.
num_arena_deaths: 0.
num_vsnodes_births: 2.
num_vsnodes_deaths: 0.
num_space_committed: 97.
num_space_uncommitted: 0.
num_chunks_returned_to_freelist: 0.
num_chunks_taken_from_freelist: 233.
num_chunk_merges: 0.
num_chunk_splits: 156.
num_chunks_enlarged: 131.
num_purges: 0.

CodeHeap 'non-profiled nmethods': size=120000Kb used=402Kb max_used=402Kb free=119597Kb
 bounds [0x000001905f690000, 0x000001905f900000, 0x0000019066bc0000]
CodeHeap 'profiled nmethods': size=120000Kb used=1945Kb max_used=1945Kb free=118054Kb
 bounds [0x0000019058160000, 0x00000190583d0000, 0x000001905f690000]
CodeHeap 'non-nmethods': size=5760Kb used=1154Kb max_used=1164Kb free=4606Kb
 bounds [0x0000019057bc0000, 0x0000019057e30000, 0x0000019058160000]
 total_blobs=1487 nmethods=1045 adapters=355
 compilation: enabled
              stopped_count=0, restarted_count=0
 full_count=0

Compilation events (20 events):
Event: 2.710 Thread 0x000001905051de00 1024       3       java.util.LinkedList$ListItr::next (56 bytes)
Event: 2.710 Thread 0x000001905051de00 nmethod 1024 0x000001905833c310 code [0x000001905833c500, 0x000001905833c9d8]
Event: 2.711 Thread 0x000001905051de00 1025       3       java.lang.reflect.Method::getParameterTypes (11 bytes)
Event: 2.711 Thread 0x000001905051de00 nmethod 1025 0x000001905833cb90 code [0x000001905833cd40, 0x000001905833d028]
Event: 2.711 Thread 0x000001905051de00 1026       3       sun.reflect.generics.parser.SignatureParser::skipIdentifier (67 bytes)
Event: 2.712 Thread 0x000001905051d310 nmethod 1022 0x000001905f6f3610 code [0x000001905f6f37a0, 0x000001905f6f3c58]
Event: 2.712 Thread 0x000001905051de00 nmethod 1026 0x000001905833d110 code [0x000001905833d320, 0x000001905833d8c8]
Event: 2.712 Thread 0x000001905051de00 1027       1       java.lang.reflect.Method::getGenericSignature (5 bytes)
Event: 2.712 Thread 0x000001905051de00 nmethod 1027 0x000001905f6f3e90 code [0x000001905f6f4020, 0x000001905f6f40f8]
Event: 2.729 Thread 0x000001905051d310 1028       4       java.lang.AbstractStringBuilder::<init> (39 bytes)
Event: 2.731 Thread 0x000001905051d310 nmethod 1028 0x000001905f6f4190 code [0x000001905f6f4320, 0x000001905f6f4558]
Event: 2.734 Thread 0x000001905051d310 1029   !   4       jdk.internal.loader.URLClassPath$JarLoader::getResource (354 bytes)
Event: 2.739 Thread 0x000001905051de00 1030       3       java.lang.invoke.MethodTypeForm::canonicalizeAll (63 bytes)
Event: 2.739 Thread 0x000001905051de00 nmethod 1030 0x000001905833da90 code [0x000001905833dc80, 0x000001905833e2f8]
Event: 2.740 Thread 0x000001905051de00 1031       3       java.lang.Integer::stringSize (47 bytes)
Event: 2.740 Thread 0x000001905051de00 nmethod 1031 0x000001905833e510 code [0x000001905833e6c0, 0x000001905833e918]
Event: 2.740 Thread 0x000001905051de00 1032       3       java.lang.Integer::getChars (131 bytes)
Event: 2.740 Thread 0x000001905051de00 nmethod 1032 0x000001905833ea10 code [0x000001905833ebe0, 0x000001905833f018]
Event: 2.740 Thread 0x000001905051de00 1033       3       jdk.internal.org.objectweb.asm.ByteVector::enlarge (51 bytes)
Event: 2.741 Thread 0x000001905051de00 nmethod 1033 0x000001905833f290 code [0x000001905833f440, 0x000001905833f768]

GC Heap History (2 events):
Event: 2.179 GC heap before
{Heap before GC invocations=0 (full 0):
 garbage-first heap   total 65536K, used 28672K [0x00000000fc000000, 0x0000000100000000)
  region size 1024K, 23 young (23552K), 0 survivors (0K)
 Metaspace       used 3639K, committed 3776K, reserved 1056768K
  class space    used 436K, committed 512K, reserved 1048576K
}
Event: 2.189 GC heap after
{Heap after GC invocations=1 (full 0):
 garbage-first heap   total 65536K, used 9690K [0x00000000fc000000, 0x0000000100000000)
  region size 1024K, 3 young (3072K), 3 survivors (3072K)
 Metaspace       used 3639K, committed 3776K, reserved 1056768K
  class space    used 436K, committed 512K, reserved 1048576K
}

Deoptimization events (20 events):
Event: 2.586 Thread 0x0000019050452490 DEOPT PACKING pc=0x00000190581b38d6 sp=0x00000070434f79e0
Event: 2.586 Thread 0x0000019050452490 DEOPT UNPACKING pc=0x0000019057c0dece sp=0x00000070434f6e68 mode 0
Event: 2.626 Thread 0x0000019050452490 Uncommon trap: trap_request=0xffffffde fr.pc=0x000001905f6ef430 relative=0x0000000000000110
Event: 2.626 Thread 0x0000019050452490 Uncommon trap: reason=class_check action=maybe_recompile pc=0x000001905f6ef430 method=jdk.internal.misc.Unsafe.allocateUninitializedArray(Ljava/lang/Class;I)Ljava/lang/Object; @ 51 c2
Event: 2.626 Thread 0x0000019050452490 DEOPT PACKING pc=0x000001905f6ef430 sp=0x00000070434fb0b0
Event: 2.626 Thread 0x0000019050452490 DEOPT UNPACKING pc=0x0000019057c0d72e sp=0x00000070434fb038 mode 2
Event: 2.626 Thread 0x0000019050452490 Uncommon trap: trap_request=0xffffffde fr.pc=0x000001905f6ef430 relative=0x0000000000000110
Event: 2.626 Thread 0x0000019050452490 Uncommon trap: reason=class_check action=maybe_recompile pc=0x000001905f6ef430 method=jdk.internal.misc.Unsafe.allocateUninitializedArray(Ljava/lang/Class;I)Ljava/lang/Object; @ 51 c2
Event: 2.626 Thread 0x0000019050452490 DEOPT PACKING pc=0x000001905f6ef430 sp=0x00000070434fb150
Event: 2.626 Thread 0x0000019050452490 DEOPT UNPACKING pc=0x0000019057c0d72e sp=0x00000070434fb0d8 mode 2
Event: 2.626 Thread 0x0000019050452490 Uncommon trap: trap_request=0xffffffde fr.pc=0x000001905f6ef430 relative=0x0000000000000110
Event: 2.626 Thread 0x0000019050452490 Uncommon trap: reason=class_check action=maybe_recompile pc=0x000001905f6ef430 method=jdk.internal.misc.Unsafe.allocateUninitializedArray(Ljava/lang/Class;I)Ljava/lang/Object; @ 51 c2
Event: 2.626 Thread 0x0000019050452490 DEOPT PACKING pc=0x000001905f6ef430 sp=0x00000070434fb180
Event: 2.626 Thread 0x0000019050452490 DEOPT UNPACKING pc=0x0000019057c0d72e sp=0x00000070434fb108 mode 2
Event: 2.626 Thread 0x0000019050452490 Uncommon trap: trap_request=0xffffffde fr.pc=0x000001905f6ef430 relative=0x0000000000000110
Event: 2.626 Thread 0x0000019050452490 Uncommon trap: reason=class_check action=maybe_recompile pc=0x000001905f6ef430 method=jdk.internal.misc.Unsafe.allocateUninitializedArray(Ljava/lang/Class;I)Ljava/lang/Object; @ 51 c2
Event: 2.626 Thread 0x0000019050452490 DEOPT PACKING pc=0x000001905f6ef430 sp=0x00000070434fb220
Event: 2.626 Thread 0x0000019050452490 DEOPT UNPACKING pc=0x0000019057c0d72e sp=0x00000070434fb1a8 mode 2
Event: 2.703 Thread 0x0000019050452490 DEOPT PACKING pc=0x00000190581ff7e5 sp=0x00000070434f8520
Event: 2.703 Thread 0x0000019050452490 DEOPT UNPACKING pc=0x0000019057c0dece sp=0x00000070434f7970 mode 0

Classes unloaded (0 events):
No events

Classes redefined (0 events):
No events

Internal exceptions (17 events):
Event: 0.361 Thread 0x0000019050452490 Exception <a 'java/lang/NoSuchMethodError'{0x00000000ffcb98e0}: 'int java.lang.invoke.DirectMethodHandle$Holder.invokeStaticInit(java.lang.Object, java.lang.Object)'> (0x00000000ffcb98e0) 
thrown [t:\workspace\open\src\hotspot\share\interpreter\linkResolver.cpp, line 790]
Event: 1.766 Thread 0x0000019050452490 Exception <a 'java/lang/NoSuchMethodError'{0x00000000fec431b8}: 'void java.lang.invoke.DirectMethodHandle$Holder.invokeSpecial(java.lang.Object, java.lang.Object, java.lang.Object)'> (0x00000000fec431b8) 
thrown [t:\workspace\open\src\hotspot\share\interpreter\linkResolver.cpp, line 790]
Event: 1.963 Thread 0x0000019050452490 Exception <a 'java/lang/NoSuchMethodError'{0x00000000fea81208}: 'void java.lang.invoke.DirectMethodHandle$Holder.invokeStatic(java.lang.Object, java.lang.Object)'> (0x00000000fea81208) 
thrown [t:\workspace\open\src\hotspot\share\interpreter\linkResolver.cpp, line 790]
Event: 2.019 Thread 0x0000019050452490 Exception <a 'java/lang/NoClassDefFoundError'{0x00000000fe963450}: org/slf4j/impl/StaticMarkerBinder> (0x00000000fe963450) 
thrown [t:\workspace\open\src\hotspot\share\classfile\systemDictionary.cpp, line 245]
Event: 2.195 Thread 0x0000019050452490 Exception <a 'java/lang/NoSuchMethodError'{0x00000000fff0a0f0}: 'java.lang.Object java.lang.invoke.DirectMethodHandle$Holder.invokeVirtual(java.lang.Object, java.lang.Object, java.lang.Object, java.lang.Object, java.lang.Object, java.lang.Object, java.lang.Object)'> (0x00000000fff0a0f0) 
thrown [t:\workspace\open\src\hotspot\share\interpreter\linkResolver.cpp, line 790]
Event: 2.215 Thread 0x0000019050452490 Exception <a 'java/lang/NoSuchMethodError'{0x00000000fff1c6c0}: 'java.lang.Object java.lang.invoke.Invokers$Holder.invoker(java.lang.Object, java.lang.Object, java.lang.Object)'> (0x00000000fff1c6c0) 
thrown [t:\workspace\open\src\hotspot\share\interpreter\linkResolver.cpp, line 790]
Event: 2.230 Thread 0x0000019050452490 Exception <a 'java/lang/NoSuchMethodError'{0x00000000fff26d48}: 'java.lang.Object java.lang.invoke.DirectMethodHandle$Holder.invokeStatic(java.lang.Object, java.lang.Object, int)'> (0x00000000fff26d48) 
thrown [t:\workspace\open\src\hotspot\share\interpreter\linkResolver.cpp, line 790]
Event: 2.238 Thread 0x0000019050452490 Exception <a 'java/lang/NoSuchMethodError'{0x00000000fff32e70}: 'void java.lang.invoke.DelegatingMethodHandle$Holder.delegate(java.lang.Object, java.lang.Object, int, java.lang.Object)'> (0x00000000fff32e70) 
thrown [t:\workspace\open\src\hotspot\share\interpreter\linkResolver.cpp, line 790]
Event: 2.240 Thread 0x0000019050452490 Exception <a 'java/lang/NoSuchMethodError'{0x00000000fff37150}: 'int java.lang.invoke.DirectMethodHandle$Holder.invokeSpecial(java.lang.Object, java.lang.Object, java.lang.Object)'> (0x00000000fff37150) 
thrown [t:\workspace\open\src\hotspot\share\interpreter\linkResolver.cpp, line 790]
Event: 2.249 Thread 0x0000019050452490 Exception <a 'java/lang/NoSuchMethodError'{0x00000000fff4ac20}: 'java.lang.Object java.lang.invoke.Invokers$Holder.invokeExact_MT(java.lang.Object, java.lang.Object, java.lang.Object, java.lang.Object)'> (0x00000000fff4ac20) 
thrown [t:\workspace\open\src\hotspot\share\interpreter\linkResolver.cpp, line 790]
Event: 2.516 Thread 0x0000019050452490 Exception <a 'java/lang/NoSuchMethodError'{0x00000000ffbce9b0}: 'java.lang.Object java.lang.invoke.DirectMethodHandle$Holder.invokeInterface(java.lang.Object, java.lang.Object, java.lang.Object)'> (0x00000000ffbce9b0) 
thrown [t:\workspace\open\src\hotspot\share\interpreter\linkResolver.cpp, line 790]
Event: 2.554 Thread 0x0000019050452490 Implicit null exception at 0x000001905f6db70c to 0x000001905f6dbb18
Event: 2.554 Thread 0x0000019050452490 Implicit null exception at 0x000001905f6ccf8c to 0x000001905f6cd380
Event: 2.639 Thread 0x0000019050452490 Exception <a 'java/lang/NoSuchMethodError'{0x00000000ff9933c8}: 'java.lang.Object java.lang.invoke.DirectMethodHandle$Holder.invokeStatic(java.lang.Object)'> (0x00000000ff9933c8) 
thrown [t:\workspace\open\src\hotspot\share\interpreter\linkResolver.cpp, line 790]
Event: 2.639 Thread 0x0000019050452490 Exception <a 'java/lang/NoSuchMethodError'{0x00000000ff996ce0}: 'java.lang.Object java.lang.invoke.DirectMethodHandle$Holder.invokeStaticInit(java.lang.Object)'> (0x00000000ff996ce0) 
thrown [t:\workspace\open\src\hotspot\share\interpreter\linkResolver.cpp, line 790]
Event: 2.660 Thread 0x0000019050452490 Exception <a 'java/lang/NoSuchMethodError'{0x00000000ff9b0cc0}: 'java.lang.Object java.lang.invoke.DirectMethodHandle$Holder.invokeInterface(java.lang.Object, java.lang.Object)'> (0x00000000ff9b0cc0) 
thrown [t:\workspace\open\src\hotspot\share\interpreter\linkResolver.cpp, line 790]
Event: 2.662 Thread 0x0000019050452490 Exception <a 'java/lang/NoSuchMethodError'{0x00000000ff9b9378}: 'java.lang.Object java.lang.invoke.DirectMethodHandle$Holder.invokeStaticInit(java.lang.Object, java.lang.Object, java.lang.Object)'> (0x00000000ff9b9378) 
thrown [t:\workspace\open\src\hotspot\share\interpreter\linkResolver.cpp, line 790]

Events (20 events):
Event: 2.755 loading class java/lang/Class$AnnotationData done
Event: 2.760 loading class java/lang/reflect/GenericArrayType
Event: 2.760 loading class java/lang/reflect/GenericArrayType done
Event: 2.760 loading class sun/reflect/annotation/AnnotationType
Event: 2.761 loading class sun/reflect/annotation/AnnotationType done
Event: 2.761 loading class sun/reflect/annotation/AnnotationType$1
Event: 2.761 loading class sun/reflect/annotation/AnnotationType$1 done
Event: 2.761 loading class java/lang/annotation/Retention
Event: 2.761 loading class java/lang/annotation/Retention done
Event: 2.761 loading class java/lang/annotation/Inherited
Event: 2.761 loading class java/lang/annotation/Inherited done
Event: 2.761 loading class java/lang/annotation/RetentionPolicy
Event: 2.761 loading class java/lang/annotation/RetentionPolicy done
Event: 2.765 loading class sun/reflect/annotation/AnnotationTypeMismatchExceptionProxy
Event: 2.765 loading class sun/reflect/annotation/ExceptionProxy
Event: 2.765 loading class sun/reflect/annotation/ExceptionProxy done
Event: 2.766 loading class sun/reflect/annotation/AnnotationTypeMismatchExceptionProxy done
Event: 2.766 loading class sun/reflect/annotation/AnnotationParser$1
Event: 2.766 loading class sun/reflect/annotation/AnnotationParser$1 done
Event: 2.766 loading class sun/reflect/annotation/AnnotationInvocationHandler


Dynamic libraries:
0x00007ff7a2ab0000 - 0x00007ff7a2ac0000 	C:\Program Files\Java\jdk-16.0.2\bin\java.exe
0x00007ffa8cc70000 - 0x00007ffa8ce87000 	C:\WINDOWS\SYSTEM32\ntdll.dll
0x00007ffa8b280000 - 0x00007ffa8b344000 	C:\WINDOWS\System32\KERNEL32.DLL
0x00007ffa8a2c0000 - 0x00007ffa8a666000 	C:\WINDOWS\System32\KERNELBASE.dll
0x00007ffa8a8b0000 - 0x00007ffa8a9c1000 	C:\WINDOWS\System32\ucrtbase.dll
0x00007ffa82f50000 - 0x00007ffa82f68000 	C:\Program Files\Java\jdk-16.0.2\bin\jli.dll
0x00007ffa7bb60000 - 0x00007ffa7bb79000 	C:\Program Files\Java\jdk-16.0.2\bin\VCRUNTIME140.dll
0x00007ffa8cb80000 - 0x00007ffa8cc30000 	C:\WINDOWS\System32\ADVAPI32.dll
0x00007ffa8b370000 - 0x00007ffa8b417000 	C:\WINDOWS\System32\msvcrt.dll
0x00007ffa8aba0000 - 0x00007ffa8ac46000 	C:\WINDOWS\System32\sechost.dll
0x00007ffa8b420000 - 0x00007ffa8b537000 	C:\WINDOWS\System32\RPCRT4.dll
0x00007ffa8b540000 - 0x00007ffa8b6ee000 	C:\WINDOWS\System32\USER32.dll
0x00007ffa8a670000 - 0x00007ffa8a696000 	C:\WINDOWS\System32\win32u.dll
0x00007ffa8b1b0000 - 0x00007ffa8b1d9000 	C:\WINDOWS\System32\GDI32.dll
0x00007ffa8a0e0000 - 0x00007ffa8a1f8000 	C:\WINDOWS\System32\gdi32full.dll
0x00007ffa791b0000 - 0x00007ffa79443000 	C:\WINDOWS\WinSxS\amd64_microsoft.windows.common-controls_6595b64144ccf1df_6.0.22621.2361_none_2712ced57382f843\COMCTL32.dll
0x00007ffa8a6a0000 - 0x00007ffa8a73a000 	C:\WINDOWS\System32\msvcp_win.dll
0x00007ffa82610000 - 0x00007ffa8261a000 	C:\WINDOWS\SYSTEM32\VERSION.dll
0x00007ffa8bcc0000 - 0x00007ffa8bcf1000 	C:\WINDOWS\System32\IMM32.DLL
0x00007ffa82f40000 - 0x00007ffa82f4c000 	C:\Program Files\Java\jdk-16.0.2\bin\vcruntime140_1.dll
0x00007ffa7bac0000 - 0x00007ffa7bb51000 	C:\Program Files\Java\jdk-16.0.2\bin\msvcp140.dll
0x00007ffa2a3a0000 - 0x00007ffa2af4b000 	C:\Program Files\Java\jdk-16.0.2\bin\server\jvm.dll
0x00007ffa8b1e0000 - 0x00007ffa8b1e8000 	C:\WINDOWS\System32\PSAPI.DLL
0x00007ffa7bab0000 - 0x00007ffa7bab9000 	C:\WINDOWS\SYSTEM32\WSOCK32.dll
0x00007ffa8add0000 - 0x00007ffa8ae41000 	C:\WINDOWS\System32\WS2_32.dll
0x00007ffa83930000 - 0x00007ffa83964000 	C:\WINDOWS\SYSTEM32\WINMM.dll
0x00007ffa88fd0000 - 0x00007ffa88fe8000 	C:\WINDOWS\SYSTEM32\kernel.appcore.dll
0x00007ffa7baa0000 - 0x00007ffa7baaa000 	C:\Program Files\Java\jdk-16.0.2\bin\jimage.dll
0x00007ffa7ac80000 - 0x00007ffa7aeae000 	C:\WINDOWS\SYSTEM32\DBGHELP.DLL
0x00007ffa8c7f0000 - 0x00007ffa8cb7a000 	C:\WINDOWS\System32\combase.dll
0x00007ffa8bea0000 - 0x00007ffa8bf77000 	C:\WINDOWS\System32\OLEAUT32.dll
0x00007ffa74510000 - 0x00007ffa74542000 	C:\WINDOWS\SYSTEM32\dbgcore.DLL
0x00007ffa89ff0000 - 0x00007ffa8a06a000 	C:\WINDOWS\System32\bcryptPrimitives.dll
0x00007ffa78900000 - 0x00007ffa78925000 	C:\Program Files\Java\jdk-16.0.2\bin\java.dll
0x00007ffa8bf80000 - 0x00007ffa8c7d8000 	C:\WINDOWS\System32\SHELL32.dll
0x00007ffa87f50000 - 0x00007ffa88842000 	C:\WINDOWS\SYSTEM32\windows.storage.dll
0x00007ffa87e10000 - 0x00007ffa87f4e000 	C:\WINDOWS\SYSTEM32\wintypes.dll
0x00007ffa8a9d0000 - 0x00007ffa8aac3000 	C:\WINDOWS\System32\SHCORE.dll
0x00007ffa8ad70000 - 0x00007ffa8adce000 	C:\WINDOWS\System32\shlwapi.dll
0x00007ffa89f20000 - 0x00007ffa89f46000 	C:\WINDOWS\SYSTEM32\profapi.dll
0x00007ffa788e0000 - 0x00007ffa788f9000 	C:\Program Files\Java\jdk-16.0.2\bin\net.dll
0x00007ffa82970000 - 0x00007ffa82aa7000 	C:\WINDOWS\SYSTEM32\WINHTTP.dll
0x00007ffa894b0000 - 0x00007ffa89519000 	C:\WINDOWS\system32\mswsock.dll
0x00007ffa788c0000 - 0x00007ffa788d3000 	C:\Program Files\Java\jdk-16.0.2\bin\nio.dll
0x00007ffa788a0000 - 0x00007ffa788b8000 	C:\Program Files\Java\jdk-16.0.2\bin\zip.dll
0x00007ffa677c0000 - 0x00007ffa677d0000 	C:\Program Files\Java\jdk-16.0.2\bin\verify.dll
0x00007ffa26c20000 - 0x00007ffa26c47000 	C:\Users\Asus\.gradle\native\e1d6ef7f7dcc3fd88c89a11ec53ec762bb8ba0a96d01ffa2cd45eb1d1d8dd5c5\windows-amd64\native-platform.dll
0x00007ffa78950000 - 0x00007ffa78959000 	C:\Program Files\Java\jdk-16.0.2\bin\management.dll
0x00007ffa78940000 - 0x00007ffa7894b000 	C:\Program Files\Java\jdk-16.0.2\bin\management_ext.dll

dbghelp: loaded successfully - version: 4.0.5 - missing functions: none
symbol engine: initialized successfully - sym options: 0x614 - pdb path: .;C:\Program Files\Java\jdk-16.0.2\bin;C:\WINDOWS\SYSTEM32;C:\WINDOWS\WinSxS\amd64_microsoft.windows.common-controls_6595b64144ccf1df_6.0.22621.2361_none_2712ced57382f843;C:\Program Files\Java\jdk-16.0.2\bin\server;C:\Users\Asus\.gradle\native\e1d6ef7f7dcc3fd88c89a11ec53ec762bb8ba0a96d01ffa2cd45eb1d1d8dd5c5\windows-amd64

VM Arguments:
jvm_args: -Xmx64m -Xms64m -Dorg.gradle.appname=gradlew 
java_command: org.gradle.wrapper.GradleWrapperMain tasks
java_class_path (initial): D:\zet react-native\sub\android\\gradle\wrapper\gradle-wrapper.jar
Launcher Type: SUN_STANDARD

[Global flags]
     intx CICompilerCount                          = 4                                         {product} {ergonomic}
     uint ConcGCThreads                            = 2                                         {product} {ergonomic}
     uint G1ConcRefinementThreads                  = 8                                         {product} {ergonomic}
   size_t G1HeapRegionSize                         = 1048576                                   {product} {ergonomic}
    uintx GCDrainStackTargetSize                   = 64                                        {product} {ergonomic}
   size_t InitialHeapSize                          = 67108864                                  {product} {command line}
   size_t MarkStackSize                            = 4194304                                   {product} {ergonomic}
   size_t MaxHeapSize                              = 67108864                                  {product} {command line}
   size_t MaxNewSize                               = 39845888                                  {product} {ergonomic}
   size_t MinHeapDeltaBytes                        = 1048576                                   {product} {ergonomic}
   size_t MinHeapSize                              = 67108864                                  {product} {command line}
    uintx NonNMethodCodeHeapSize                   = 5839372                                {pd product} {ergonomic}
    uintx NonProfiledCodeHeapSize                  = 122909434                              {pd product} {ergonomic}
    uintx ProfiledCodeHeapSize                     = 122909434                              {pd product} {ergonomic}
    uintx ReservedCodeCacheSize                    = 251658240                              {pd product} {ergonomic}
     bool SegmentedCodeCache                       = true                                      {product} {ergonomic}
   size_t SoftMaxHeapSize                          = 67108864                               {manageable} {ergonomic}
     bool UseCompressedClassPointers               = true                           {product lp64_product} {ergonomic}
     bool UseCompressedOops                        = true                           {product lp64_product} {ergonomic}
     bool UseG1GC                                  = true                                      {product} {ergonomic}
     bool UseLargePagesIndividualAllocation        = false                                  {pd product} {ergonomic}

Logging:
Log output configuration:
 #0: stdout all=warning uptime,level,tags
 #1: stderr all=off uptime,level,tags

Environment Variables:
JAVA_HOME=C:\Program Files\Java\jdk-16.0.2
CLASSPATH=D:\zet react-native\sub\android\\gradle\wrapper\gradle-wrapper.jar
PATH=D:\zet react-native\sub\node_modules\.bin;D:\zet react-native\sub\node_modules\.bin;D:\zet react-native\node_modules\.bin;D:\node_modules\.bin;D:\NodeJS\node_modules\npm\node_modules\@npmcli\run-script\lib\node-gyp-bin;D:\zet react-native\sub\node_modules\.bin;D:\zet react-native\node_modules\.bin;D:\node_modules\.bin;D:\NodeJS\node_modules\npm\node_modules\@npmcli\run-script\lib\node-gyp-bin;C:\Program Files\Common Files\Oracle\Java\javapath;C:\Program Files (x86)\Common Files\Oracle\Java\javapath;D:\VMware\VMware Workstation\bin\;C:\Program Files (x86)\Python39-32\Scripts\;C:\Program Files (x86)\Python39-32\;C:\Program Files\Python39\Scripts\;C:\Program Files\Python39\;C:\Windows\system32;C:\Windows;C:\Windows\System32\Wbem;C:\Windows\System32\WindowsPowerShell\v1.0\;C:\Windows\System32\OpenSSH\;C:\Program Files (x86)\NVIDIA Corporation\PhysX\Common;C:\Program Files\NVIDIA Corporation\NVIDIA NvDLISR;C:\WINDOWS\system32;C:\WINDOWS;C:\WINDOWS\System32\Wbem;C:\WINDOWS\System32\WindowsPowerShell\v1.0\;C:\WINDOWS\System32\OpenSSH\;C:\Program Files\Azure Data Studio\bin;C:\Program Files\Microchip\xc8\v2.40\bin;D:\NodeJS\;D:\Git\cmd;C:\Program Files\Microsoft\Web Platform Installer\;C:\Program Files (x86)\Microsoft ASP.NET\ASP.NET Web Pages\v1.0\;C:\Program Files\Microsoft SQL Server\110\Tools\Binn\;C:\Program Files\PostgreSQL\15\bin;C:\Program Files\PostgreSQL\15\lib;C:\Program Files\Git LFS;C:\Program Files\Java\jdk-16.0.2\bin;C:\Program Files\Java\jre1.8.0_202\bin;D:\Andorid\Sdk\platform-tools;C:\Users\Asus\AppData\Local\Android\Sdk\cmdline-tools\latest\bin;C:\Users\Asus\AppData\Local\Android\Sdk\platform-tools;C:\Users\Asus\AppData\Local\Android\Sdk\tools;C:\Users\Asus\AppData\Local\Android\Sdk\tools;C:\Users\Asus\AppData\Local\Android\Sdk\tools;C:\Program Files\Common Files\Oracle\Java\javapath;C:\Program Files (x86)\Common Files\Oracle\Java\javapath;D:\VMware\VMware Workstation\bin\;C:\Program Files (x86)\Python39-32\Scripts\;C:\Program Files (x86)\Python39-32\;C
USERNAME=Asus
OS=Windows_NT
PROCESSOR_IDENTIFIER=AMD64 Family 23 Model 24 Stepping 1, AuthenticAMD



---------------  S Y S T E M  ---------------

OS:
 Windows 10 , 64 bit Build 22621 (10.0.22621.2361)
OS uptime: 1 days 5:55 hours

CPU: total 8 (initial active 8) (8 cores per cpu, 2 threads per core) family 23 model 24 stepping 1 microcode 0x0, cx8, cmov, fxsr, ht, mmx, 3dnowpref, sse, sse2, sse3, ssse3, sse4a, sse4.1, sse4.2, popcnt, lzcnt, tsc, tscinvbit, avx, avx2, aes, clmul, bmi1, bmi2, adx, sha, fma, vzeroupper, clflush, clflushopt

Memory: 4k page, system-wide physical 15805M (948M free)
TotalPageFile size 23805M (AvailPageFile size 6M)
current process WorkingSet (physical memory assigned to process): 87M, peak: 87M
current process commit charge ("private bytes"): 161M, peak: 161M

vm_info: Java HotSpot(TM) 64-Bit Server VM (16.0.2+7-67) for windows-amd64 JRE (16.0.2+7-67), built on Jun  8 2021 23:24:19 by "mach5one" with MS VC++ 16.7 (VS2019)

END.
